[0m13:03:08.796899 [debug] [MainThread]: Sending event: {'category': 'dbt', 'action': 'invocation', 'label': 'start', 'context': [<snowplow_tracker.self_describing_json.SelfDescribingJson object at 0x109520990>, <snowplow_tracker.self_describing_json.SelfDescribingJson object at 0x1095ba290>, <snowplow_tracker.self_describing_json.SelfDescribingJson object at 0x1095baa50>]}


============================== 13:03:08.801330 | 46d2c7db-fe7b-4535-92b1-2a3b0014246b ==============================
[0m13:03:08.801330 [info ] [MainThread]: Running with dbt=1.11.2
[0m13:03:08.801811 [debug] [MainThread]: running dbt with arguments {'use_colors': 'True', 'send_anonymous_usage_stats': 'True', 'cache_selected_only': 'False', 'empty': 'None', 'invocation_command': 'dbt debug', 'no_print': 'None', 'quiet': 'False', 'version_check': 'True', 'profiles_dir': '/Users/alexanderjameskershaw/.dbt', 'log_path': 'logs', 'log_format': 'default', 'static_parser': 'True', 'fail_fast': 'False', 'target_path': 'None', 'partial_parse': 'True', 'use_experimental_parser': 'False', 'introspect': 'True', 'warn_error': 'None', 'printer_width': '80', 'write_json': 'True', 'debug': 'False', 'warn_error_options': 'WarnErrorOptionsV2(error=[], warn=[], silence=[])', 'indirect_selection': 'eager', 'log_cache_events': 'False'}
[0m13:03:08.814683 [info ] [MainThread]: dbt version: 1.11.2
[0m13:03:08.814979 [info ] [MainThread]: python version: 3.11.14
[0m13:03:08.815212 [info ] [MainThread]: python path: /opt/anaconda3/envs/janus/bin/python
[0m13:03:08.815407 [info ] [MainThread]: os info: macOS-15.2-arm64-arm-64bit
[0m13:03:08.815623 [info ] [MainThread]: Using profiles dir at /Users/alexanderjameskershaw/.dbt
[0m13:03:08.815825 [info ] [MainThread]: Using profiles.yml file at /Users/alexanderjameskershaw/.dbt/profiles.yml
[0m13:03:08.816007 [info ] [MainThread]: Using dbt_project.yml file at /Users/alexanderjameskershaw/Documents/JANUS/dbt/janus_dbt/dbt_project.yml
[0m13:03:08.816185 [info ] [MainThread]: Configuration:
[0m13:03:08.816354 [info ] [MainThread]:   profiles.yml file [[31mERROR not found[0m]
[0m13:03:08.816516 [info ] [MainThread]:   dbt_project.yml file [[31mERROR not found[0m]
[0m13:03:08.816679 [info ] [MainThread]: Required dependencies:
[0m13:03:08.816893 [debug] [MainThread]: Executing "git --help"
[0m13:03:08.834789 [debug] [MainThread]: STDOUT: "b"usage: git [-v | --version] [-h | --help] [-C <path>] [-c <name>=<value>]\n           [--exec-path[=<path>]] [--html-path] [--man-path] [--info-path]\n           [-p | --paginate | -P | --no-pager] [--no-replace-objects] [--no-lazy-fetch]\n           [--no-optional-locks] [--no-advice] [--bare] [--git-dir=<path>]\n           [--work-tree=<path>] [--namespace=<name>] [--config-env=<name>=<envvar>]\n           <command> [<args>]\n\nThese are common Git commands used in various situations:\n\nstart a working area (see also: git help tutorial)\n   clone      Clone a repository into a new directory\n   init       Create an empty Git repository or reinitialize an existing one\n\nwork on the current change (see also: git help everyday)\n   add        Add file contents to the index\n   mv         Move or rename a file, a directory, or a symlink\n   restore    Restore working tree files\n   rm         Remove files from the working tree and from the index\n\nexamine the history and state (see also: git help revisions)\n   bisect     Use binary search to find the commit that introduced a bug\n   diff       Show changes between commits, commit and working tree, etc\n   grep       Print lines matching a pattern\n   log        Show commit logs\n   show       Show various types of objects\n   status     Show the working tree status\n\ngrow, mark and tweak your common history\n   backfill   Download missing objects in a partial clone\n   branch     List, create, or delete branches\n   commit     Record changes to the repository\n   merge      Join two or more development histories together\n   rebase     Reapply commits on top of another base tip\n   reset      Reset current HEAD to the specified state\n   switch     Switch branches\n   tag        Create, list, delete or verify a tag object signed with GPG\n\ncollaborate (see also: git help workflows)\n   fetch      Download objects and refs from another repository\n   pull       Fetch from and integrate with another repository or a local branch\n   push       Update remote refs along with associated objects\n\n'git help -a' and 'git help -g' list available subcommands and some\nconcept guides. See 'git help <command>' or 'git help <concept>'\nto read about a specific subcommand or concept.\nSee 'git help git' for an overview of the system.\n""
[0m13:03:08.835668 [debug] [MainThread]: STDERR: "b''"
[0m13:03:08.835918 [info ] [MainThread]:  - git [[32mOK found[0m]

[0m13:03:08.836151 [info ] [MainThread]: Connection test skipped since no profile was found
[0m13:03:08.836444 [info ] [MainThread]: [31m2 checks failed:[0m
[0m13:03:08.836665 [info ] [MainThread]: dbt looked for a profiles.yml file in /Users/alexanderjameskershaw/.dbt/profiles.yml, but did
not find one. For more information on configuring your profile, consult the
documentation:

https://docs.getdbt.com/docs/configure-your-profile


[0m13:03:08.836859 [info ] [MainThread]: Project loading failed for the following reason:
 project path </Users/alexanderjameskershaw/Documents/JANUS/dbt/janus_dbt/dbt_project.yml> not found

[0m13:03:09.041791 [debug] [MainThread]: Resource report: {"command_name": "debug", "command_success": false, "command_wall_clock_time": 0.32651126, "process_in_blocks": "0", "process_kernel_time": 0.234761, "process_mem_max_rss": "110542848", "process_out_blocks": "0", "process_user_time": 1.041408}
[0m13:03:09.042905 [debug] [MainThread]: Command `dbt debug` failed at 13:03:09.042733 after 0.33 seconds
[0m13:03:09.043834 [debug] [MainThread]: Sending event: {'category': 'dbt', 'action': 'invocation', 'label': 'end', 'context': [<snowplow_tracker.self_describing_json.SelfDescribingJson object at 0x1095c3c10>, <snowplow_tracker.self_describing_json.SelfDescribingJson object at 0x1095c2bd0>, <snowplow_tracker.self_describing_json.SelfDescribingJson object at 0x102d8ead0>]}
[0m13:03:09.044570 [debug] [MainThread]: Flushing usage events
[0m13:03:09.866210 [debug] [MainThread]: An error was encountered while trying to flush usage events
[0m13:09:47.593623 [debug] [MainThread]: Sending event: {'category': 'dbt', 'action': 'invocation', 'label': 'start', 'context': [<snowplow_tracker.self_describing_json.SelfDescribingJson object at 0x110c21d90>, <snowplow_tracker.self_describing_json.SelfDescribingJson object at 0x110ca1a10>, <snowplow_tracker.self_describing_json.SelfDescribingJson object at 0x110ca0850>]}


============================== 13:09:47.597650 | 5431018c-196f-4221-a546-88b86e30b03e ==============================
[0m13:09:47.597650 [info ] [MainThread]: Running with dbt=1.11.2
[0m13:09:47.598157 [debug] [MainThread]: running dbt with arguments {'send_anonymous_usage_stats': 'True', 'no_print': 'None', 'indirect_selection': 'eager', 'use_experimental_parser': 'False', 'profiles_dir': '../', 'warn_error_options': 'WarnErrorOptionsV2(error=[], warn=[], silence=[])', 'introspect': 'True', 'cache_selected_only': 'False', 'debug': 'False', 'log_cache_events': 'False', 'log_path': '/Users/alexanderjameskershaw/Documents/JANUS/dbt/janus_dbt/logs', 'partial_parse': 'True', 'fail_fast': 'False', 'invocation_command': 'dbt debug', 'printer_width': '80', 'target_path': 'None', 'quiet': 'False', 'write_json': 'True', 'warn_error': 'None', 'version_check': 'True', 'use_colors': 'True', 'empty': 'None', 'log_format': 'default', 'static_parser': 'True'}
[0m13:09:47.610722 [info ] [MainThread]: dbt version: 1.11.2
[0m13:09:47.611101 [info ] [MainThread]: python version: 3.11.14
[0m13:09:47.611338 [info ] [MainThread]: python path: /opt/anaconda3/envs/janus/bin/python
[0m13:09:47.611548 [info ] [MainThread]: os info: macOS-15.2-arm64-arm-64bit
[0m13:09:47.678719 [info ] [MainThread]: Using profiles dir at ../
[0m13:09:47.679131 [info ] [MainThread]: Using profiles.yml file at ../profiles.yml
[0m13:09:47.679411 [info ] [MainThread]: Using dbt_project.yml file at /Users/alexanderjameskershaw/Documents/JANUS/dbt/janus_dbt/dbt_project.yml
[0m13:09:47.680065 [info ] [MainThread]: adapter type: postgres
[0m13:09:47.680338 [info ] [MainThread]: adapter version: 1.10.0
[0m13:09:47.768942 [info ] [MainThread]: Configuration:
[0m13:09:47.769322 [info ] [MainThread]:   profiles.yml file [[32mOK found and valid[0m]
[0m13:09:47.769532 [info ] [MainThread]:   dbt_project.yml file [[32mOK found and valid[0m]
[0m13:09:47.769714 [info ] [MainThread]: Required dependencies:
[0m13:09:47.769969 [debug] [MainThread]: Executing "git --help"
[0m13:09:47.790448 [debug] [MainThread]: STDOUT: "b"usage: git [-v | --version] [-h | --help] [-C <path>] [-c <name>=<value>]\n           [--exec-path[=<path>]] [--html-path] [--man-path] [--info-path]\n           [-p | --paginate | -P | --no-pager] [--no-replace-objects] [--no-lazy-fetch]\n           [--no-optional-locks] [--no-advice] [--bare] [--git-dir=<path>]\n           [--work-tree=<path>] [--namespace=<name>] [--config-env=<name>=<envvar>]\n           <command> [<args>]\n\nThese are common Git commands used in various situations:\n\nstart a working area (see also: git help tutorial)\n   clone      Clone a repository into a new directory\n   init       Create an empty Git repository or reinitialize an existing one\n\nwork on the current change (see also: git help everyday)\n   add        Add file contents to the index\n   mv         Move or rename a file, a directory, or a symlink\n   restore    Restore working tree files\n   rm         Remove files from the working tree and from the index\n\nexamine the history and state (see also: git help revisions)\n   bisect     Use binary search to find the commit that introduced a bug\n   diff       Show changes between commits, commit and working tree, etc\n   grep       Print lines matching a pattern\n   log        Show commit logs\n   show       Show various types of objects\n   status     Show the working tree status\n\ngrow, mark and tweak your common history\n   backfill   Download missing objects in a partial clone\n   branch     List, create, or delete branches\n   commit     Record changes to the repository\n   merge      Join two or more development histories together\n   rebase     Reapply commits on top of another base tip\n   reset      Reset current HEAD to the specified state\n   switch     Switch branches\n   tag        Create, list, delete or verify a tag object signed with GPG\n\ncollaborate (see also: git help workflows)\n   fetch      Download objects and refs from another repository\n   pull       Fetch from and integrate with another repository or a local branch\n   push       Update remote refs along with associated objects\n\n'git help -a' and 'git help -g' list available subcommands and some\nconcept guides. See 'git help <command>' or 'git help <concept>'\nto read about a specific subcommand or concept.\nSee 'git help git' for an overview of the system.\n""
[0m13:09:47.791287 [debug] [MainThread]: STDERR: "b''"
[0m13:09:47.791545 [info ] [MainThread]:  - git [[32mOK found[0m]

[0m13:09:47.791803 [info ] [MainThread]: Connection:
[0m13:09:47.792064 [info ] [MainThread]:   host: localhost
[0m13:09:47.792248 [info ] [MainThread]:   port: 5433
[0m13:09:47.792418 [info ] [MainThread]:   user: janus
[0m13:09:47.792584 [info ] [MainThread]:   database: airflow
[0m13:09:47.792759 [info ] [MainThread]:   schema: dbt
[0m13:09:47.792921 [info ] [MainThread]:   connect_timeout: 10
[0m13:09:47.793088 [info ] [MainThread]:   role: None
[0m13:09:47.793255 [info ] [MainThread]:   search_path: None
[0m13:09:47.793419 [info ] [MainThread]:   keepalives_idle: 0
[0m13:09:47.793585 [info ] [MainThread]:   sslmode: None
[0m13:09:47.793758 [info ] [MainThread]:   sslcert: None
[0m13:09:47.793921 [info ] [MainThread]:   sslkey: None
[0m13:09:47.794091 [info ] [MainThread]:   sslrootcert: None
[0m13:09:47.794254 [info ] [MainThread]:   application_name: dbt
[0m13:09:47.794419 [info ] [MainThread]:   retries: 1
[0m13:09:47.794882 [info ] [MainThread]: Registered adapter: postgres=1.10.0
[0m13:09:48.113568 [debug] [MainThread]: Acquiring new postgres connection 'debug'
[0m13:09:48.163098 [debug] [MainThread]: Using postgres connection "debug"
[0m13:09:48.163462 [debug] [MainThread]: On debug: select 1 as id
[0m13:09:48.163672 [debug] [MainThread]: Opening a new connection, currently in state init
[0m13:09:48.244981 [debug] [MainThread]: SQL status: SELECT 1 in 0.081 seconds
[0m13:09:48.245835 [debug] [MainThread]: On debug: Close
[0m13:09:48.246110 [info ] [MainThread]:   Connection test: [[32mOK connection ok[0m]

[0m13:09:48.246362 [info ] [MainThread]: [32mAll checks passed![0m
[0m13:09:48.248613 [debug] [MainThread]: Resource report: {"command_name": "debug", "command_success": true, "command_wall_clock_time": 0.74081844, "process_in_blocks": "0", "process_kernel_time": 0.346961, "process_mem_max_rss": "120979456", "process_out_blocks": "0", "process_user_time": 1.255018}
[0m13:09:48.249059 [debug] [MainThread]: Command `dbt debug` succeeded at 13:09:48.248973 after 0.74 seconds
[0m13:09:48.249313 [debug] [MainThread]: Connection 'debug' was properly closed.
[0m13:09:48.249575 [debug] [MainThread]: Sending event: {'category': 'dbt', 'action': 'invocation', 'label': 'end', 'context': [<snowplow_tracker.self_describing_json.SelfDescribingJson object at 0x110ca1250>, <snowplow_tracker.self_describing_json.SelfDescribingJson object at 0x112dd5e90>, <snowplow_tracker.self_describing_json.SelfDescribingJson object at 0x112c48ad0>]}
[0m13:09:48.249879 [debug] [MainThread]: Flushing usage events
[0m13:09:48.957258 [debug] [MainThread]: An error was encountered while trying to flush usage events
[0m14:45:32.256369 [debug] [MainThread]: Sending event: {'category': 'dbt', 'action': 'invocation', 'label': 'start', 'context': [<snowplow_tracker.self_describing_json.SelfDescribingJson object at 0x10629e750>, <snowplow_tracker.self_describing_json.SelfDescribingJson object at 0x105ff3e50>, <snowplow_tracker.self_describing_json.SelfDescribingJson object at 0x10629d990>]}


============================== 14:45:32.284137 | 5c587053-8b05-427e-9525-35441cfa3b6f ==============================
[0m14:45:32.284137 [info ] [MainThread]: Running with dbt=1.11.2
[0m14:45:32.285494 [debug] [MainThread]: running dbt with arguments {'debug': 'False', 'invocation_command': 'dbt run --select stg_events', 'introspect': 'True', 'use_colors': 'True', 'static_parser': 'True', 'empty': 'False', 'write_json': 'True', 'version_check': 'True', 'log_cache_events': 'False', 'fail_fast': 'False', 'log_path': '/Users/alexanderjameskershaw/Documents/JANUS/dbt/janus_dbt/logs', 'partial_parse': 'True', 'send_anonymous_usage_stats': 'True', 'printer_width': '80', 'use_experimental_parser': 'False', 'quiet': 'False', 'warn_error_options': 'WarnErrorOptionsV2(error=[], warn=[], silence=[])', 'indirect_selection': 'eager', 'no_print': 'None', 'warn_error': 'None', 'target_path': 'None', 'cache_selected_only': 'False', 'log_format': 'default', 'profiles_dir': '../'}
[0m14:45:33.062906 [debug] [MainThread]: Sending event: {'category': 'dbt', 'action': 'project_id', 'label': '5c587053-8b05-427e-9525-35441cfa3b6f', 'context': [<snowplow_tracker.self_describing_json.SelfDescribingJson object at 0x1062543d0>]}
[0m14:45:33.145046 [debug] [MainThread]: Sending event: {'category': 'dbt', 'action': 'adapter_info', 'label': '5c587053-8b05-427e-9525-35441cfa3b6f', 'context': [<snowplow_tracker.self_describing_json.SelfDescribingJson object at 0x102c2b010>]}
[0m14:45:33.146957 [info ] [MainThread]: Registered adapter: postgres=1.10.0
[0m14:45:33.289084 [debug] [MainThread]: checksum: 3d40d8bbe1bef07db1c24822f2dbfff8bc07f2a48ed4fe2658a40653aec0b54b, vars: {}, profile: , target: , version: 1.11.2
[0m14:45:33.290103 [info ] [MainThread]: Unable to do partial parsing because saved manifest not found. Starting full parse.
[0m14:45:33.290561 [debug] [MainThread]: Sending event: {'category': 'dbt', 'action': 'partial_parser', 'label': '5c587053-8b05-427e-9525-35441cfa3b6f', 'context': [<snowplow_tracker.self_describing_json.SelfDescribingJson object at 0x10719f390>]}
[0m14:45:35.850511 [debug] [MainThread]: Sending event: {'category': 'dbt', 'action': 'load_project', 'label': '5c587053-8b05-427e-9525-35441cfa3b6f', 'context': [<snowplow_tracker.self_describing_json.SelfDescribingJson object at 0x1068cadd0>]}
[0m14:45:35.900066 [debug] [MainThread]: Wrote artifact WritableManifest to /Users/alexanderjameskershaw/Documents/JANUS/dbt/janus_dbt/target/manifest.json
[0m14:45:35.902203 [debug] [MainThread]: Wrote artifact SemanticManifest to /Users/alexanderjameskershaw/Documents/JANUS/dbt/janus_dbt/target/semantic_manifest.json
[0m14:45:35.920992 [debug] [MainThread]: Sending event: {'category': 'dbt', 'action': 'resource_counts', 'label': '5c587053-8b05-427e-9525-35441cfa3b6f', 'context': [<snowplow_tracker.self_describing_json.SelfDescribingJson object at 0x107522450>]}
[0m14:45:35.921492 [info ] [MainThread]: Found 1 model, 464 macros
[0m14:45:35.921782 [debug] [MainThread]: Sending event: {'category': 'dbt', 'action': 'runnable_timing', 'label': '5c587053-8b05-427e-9525-35441cfa3b6f', 'context': [<snowplow_tracker.self_describing_json.SelfDescribingJson object at 0x107260450>]}
[0m14:45:35.923199 [info ] [MainThread]: 
[0m14:45:35.923738 [info ] [MainThread]: Concurrency: 4 threads (target='dev')
[0m14:45:35.924037 [info ] [MainThread]: 
[0m14:45:35.924979 [debug] [MainThread]: Acquiring new postgres connection 'master'
[0m14:45:35.927975 [debug] [ThreadPool]: Acquiring new postgres connection 'list_airflow'
[0m14:45:36.000066 [debug] [ThreadPool]: Using postgres connection "list_airflow"
[0m14:45:36.000472 [debug] [ThreadPool]: On list_airflow: /* {"app": "dbt", "dbt_version": "1.11.2", "profile_name": "janus", "target_name": "dev", "connection_name": "list_airflow"} */

    select distinct nspname from pg_namespace
  
[0m14:45:36.000720 [debug] [ThreadPool]: Opening a new connection, currently in state init
[0m14:45:36.355604 [debug] [ThreadPool]: SQL status: SELECT 6 in 0.354 seconds
[0m14:45:36.357886 [debug] [ThreadPool]: On list_airflow: Close
[0m14:45:36.358827 [debug] [ThreadPool]: Re-using an available connection from the pool (formerly list_airflow, now create_airflow_dbt)
[0m14:45:36.359702 [debug] [ThreadPool]: Creating schema "database: "airflow"
schema: "dbt"
"
[0m14:45:36.376092 [debug] [ThreadPool]: Using postgres connection "create_airflow_dbt"
[0m14:45:36.376585 [debug] [ThreadPool]: On create_airflow_dbt: /* {"app": "dbt", "dbt_version": "1.11.2", "profile_name": "janus", "target_name": "dev", "connection_name": "create_airflow_dbt"} */
create schema if not exists "dbt"
[0m14:45:36.377171 [debug] [ThreadPool]: Opening a new connection, currently in state closed
[0m14:45:36.430029 [debug] [ThreadPool]: SQL status: CREATE SCHEMA in 0.053 seconds
[0m14:45:36.431314 [debug] [ThreadPool]: On create_airflow_dbt: COMMIT
[0m14:45:36.431654 [debug] [ThreadPool]: Using postgres connection "create_airflow_dbt"
[0m14:45:36.431885 [debug] [ThreadPool]: On create_airflow_dbt: COMMIT
[0m14:45:36.435148 [debug] [ThreadPool]: SQL status: COMMIT in 0.003 seconds
[0m14:45:36.435627 [debug] [ThreadPool]: On create_airflow_dbt: Close
[0m14:45:36.442026 [debug] [ThreadPool]: Re-using an available connection from the pool (formerly create_airflow_dbt, now list_airflow_dbt)
[0m14:45:36.454937 [debug] [ThreadPool]: Using postgres connection "list_airflow_dbt"
[0m14:45:36.455579 [debug] [ThreadPool]: On list_airflow_dbt: /* {"app": "dbt", "dbt_version": "1.11.2", "profile_name": "janus", "target_name": "dev", "connection_name": "list_airflow_dbt"} */
select
      'airflow' as database,
      tablename as name,
      schemaname as schema,
      'table' as type
    from pg_tables
    where schemaname ilike 'dbt'
    union all
    select
      'airflow' as database,
      viewname as name,
      schemaname as schema,
      'view' as type
    from pg_views
    where schemaname ilike 'dbt'
    union all
    select
      'airflow' as database,
      matviewname as name,
      schemaname as schema,
      'materialized_view' as type
    from pg_matviews
    where schemaname ilike 'dbt'
  
[0m14:45:36.458931 [debug] [ThreadPool]: Opening a new connection, currently in state closed
[0m14:45:36.803307 [debug] [ThreadPool]: SQL status: SELECT 0 in 0.344 seconds
[0m14:45:36.806215 [debug] [ThreadPool]: On list_airflow_dbt: ROLLBACK
[0m14:45:36.808176 [debug] [ThreadPool]: On list_airflow_dbt: Close
[0m14:45:36.818477 [debug] [MainThread]: Using postgres connection "master"
[0m14:45:36.820123 [debug] [MainThread]: On master: /* {"app": "dbt", "dbt_version": "1.11.2", "profile_name": "janus", "target_name": "dev", "connection_name": "master"} */
select distinct
        dependent_namespace.nspname as dependent_schema,
        dependent_class.relname as dependent_name,
        referenced_namespace.nspname as referenced_schema,
        referenced_class.relname as referenced_name

    -- Query for views: views are entries in pg_class with an entry in pg_rewrite, but we avoid
    -- a seq scan on pg_rewrite by leveraging the fact there is an "internal" row in pg_depend for
    -- the view...
    from pg_class as dependent_class
    join pg_namespace as dependent_namespace on dependent_namespace.oid = dependent_class.relnamespace
    join pg_depend as dependent_depend on dependent_depend.refobjid = dependent_class.oid
        and dependent_depend.classid = 'pg_rewrite'::regclass
        and dependent_depend.refclassid = 'pg_class'::regclass
        and dependent_depend.deptype = 'i'

    -- ... and via pg_depend (that has a row per column, hence the need for "distinct" above, and
    -- making sure to exclude the internal row to avoid a view appearing to depend on itself)...
    join pg_depend as joining_depend on joining_depend.objid = dependent_depend.objid
        and joining_depend.classid = 'pg_rewrite'::regclass
        and joining_depend.refclassid = 'pg_class'::regclass
        and joining_depend.refobjid != dependent_depend.refobjid

    -- ... we can find the tables they query from in pg_class, but excluding system tables. Note we
    -- don't need need to exclude _dependent_ system tables, because they only query from other
    -- system tables, and so are automatically excluded by excluding _referenced_ system tables
    join pg_class as referenced_class on referenced_class.oid = joining_depend.refobjid
    join pg_namespace as referenced_namespace on referenced_namespace.oid = referenced_class.relnamespace
        and referenced_namespace.nspname != 'information_schema'
        and referenced_namespace.nspname not like 'pg\_%'

    order by
        dependent_schema, dependent_name, referenced_schema, referenced_name;
[0m14:45:36.821271 [debug] [MainThread]: Opening a new connection, currently in state init
[0m14:45:36.924441 [debug] [MainThread]: SQL status: SELECT 0 in 0.103 seconds
[0m14:45:36.928798 [debug] [MainThread]: Sending event: {'category': 'dbt', 'action': 'runnable_timing', 'label': '5c587053-8b05-427e-9525-35441cfa3b6f', 'context': [<snowplow_tracker.self_describing_json.SelfDescribingJson object at 0x107513550>]}
[0m14:45:36.930659 [debug] [MainThread]: On master: ROLLBACK
[0m14:45:36.933295 [debug] [MainThread]: On master: COMMIT
[0m14:45:36.933940 [debug] [MainThread]: Using postgres connection "master"
[0m14:45:36.934324 [debug] [MainThread]: On master: COMMIT
[0m14:45:36.936771 [debug] [MainThread]: SQL status: COMMIT in 0.002 seconds
[0m14:45:36.937970 [debug] [MainThread]: On master: Close
[0m14:45:36.946776 [debug] [Thread-1 (]: Began running node model.janus_dbt.stg_events
[0m14:45:36.947763 [info ] [Thread-1 (]: 1 of 1 START sql view model dbt.stg_events ..................................... [RUN]
[0m14:45:36.948474 [debug] [Thread-1 (]: Re-using an available connection from the pool (formerly list_airflow_dbt, now model.janus_dbt.stg_events)
[0m14:45:36.948995 [debug] [Thread-1 (]: Began compiling node model.janus_dbt.stg_events
[0m14:45:36.963741 [debug] [Thread-1 (]: Writing injected SQL for node "model.janus_dbt.stg_events"
[0m14:45:36.965654 [debug] [Thread-1 (]: Began executing node model.janus_dbt.stg_events
[0m14:45:37.045386 [debug] [Thread-1 (]: Writing runtime sql for node "model.janus_dbt.stg_events"
[0m14:45:37.048115 [debug] [Thread-1 (]: Using postgres connection "model.janus_dbt.stg_events"
[0m14:45:37.048732 [debug] [Thread-1 (]: On model.janus_dbt.stg_events: /* {"app": "dbt", "dbt_version": "1.11.2", "profile_name": "janus", "target_name": "dev", "node_id": "model.janus_dbt.stg_events"} */

  create view "airflow"."dbt"."stg_events__dbt_tmp"
    
    
  as (
    select
  event_id,
  event_ts,
  received_ts,
  user_id,
  device_id,
  session_id,
  event_type,
  props,
  is_late,
  lateness_sec,
  source_file,
  ingestion_ts
from silver.silver_events
  );
[0m14:45:37.049151 [debug] [Thread-1 (]: Opening a new connection, currently in state closed
[0m14:45:37.150172 [debug] [Thread-1 (]: SQL status: CREATE VIEW in 0.101 seconds
[0m14:45:37.156162 [debug] [Thread-1 (]: Using postgres connection "model.janus_dbt.stg_events"
[0m14:45:37.156634 [debug] [Thread-1 (]: On model.janus_dbt.stg_events: /* {"app": "dbt", "dbt_version": "1.11.2", "profile_name": "janus", "target_name": "dev", "node_id": "model.janus_dbt.stg_events"} */
alter table "airflow"."dbt"."stg_events__dbt_tmp" rename to "stg_events"
[0m14:45:37.158887 [debug] [Thread-1 (]: SQL status: ALTER TABLE in 0.002 seconds
[0m14:45:37.173004 [debug] [Thread-1 (]: On model.janus_dbt.stg_events: COMMIT
[0m14:45:37.173538 [debug] [Thread-1 (]: Using postgres connection "model.janus_dbt.stg_events"
[0m14:45:37.173837 [debug] [Thread-1 (]: On model.janus_dbt.stg_events: COMMIT
[0m14:45:37.185569 [debug] [Thread-1 (]: SQL status: COMMIT in 0.011 seconds
[0m14:45:37.190973 [debug] [Thread-1 (]: Applying DROP to: "airflow"."dbt"."stg_events__dbt_backup"
[0m14:45:37.195212 [debug] [Thread-1 (]: Using postgres connection "model.janus_dbt.stg_events"
[0m14:45:37.195668 [debug] [Thread-1 (]: On model.janus_dbt.stg_events: /* {"app": "dbt", "dbt_version": "1.11.2", "profile_name": "janus", "target_name": "dev", "node_id": "model.janus_dbt.stg_events"} */
drop view if exists "airflow"."dbt"."stg_events__dbt_backup" cascade
[0m14:45:37.197595 [debug] [Thread-1 (]: SQL status: DROP VIEW in 0.002 seconds
[0m14:45:37.199642 [debug] [Thread-1 (]: On model.janus_dbt.stg_events: Close
[0m14:45:37.201477 [debug] [Thread-1 (]: Sending event: {'category': 'dbt', 'action': 'run_model', 'label': '5c587053-8b05-427e-9525-35441cfa3b6f', 'context': [<snowplow_tracker.self_describing_json.SelfDescribingJson object at 0x107827810>]}
[0m14:45:37.202166 [info ] [Thread-1 (]: 1 of 1 OK created sql view model dbt.stg_events ................................ [[32mCREATE VIEW[0m in 0.25s]
[0m14:45:37.202858 [debug] [Thread-1 (]: Finished running node model.janus_dbt.stg_events
[0m14:45:37.204211 [debug] [MainThread]: On master: COMMIT
[0m14:45:37.204539 [debug] [MainThread]: Using postgres connection "master"
[0m14:45:37.204820 [debug] [MainThread]: On master: COMMIT
[0m14:45:37.205065 [debug] [MainThread]: Opening a new connection, currently in state closed
[0m14:45:37.222325 [debug] [MainThread]: SQL status: COMMIT in 0.017 seconds
[0m14:45:37.222826 [debug] [MainThread]: On master: Close
[0m14:45:37.223209 [debug] [MainThread]: Connection 'master' was properly closed.
[0m14:45:37.223422 [debug] [MainThread]: Connection 'model.janus_dbt.stg_events' was properly closed.
[0m14:45:37.223723 [info ] [MainThread]: 
[0m14:45:37.224205 [info ] [MainThread]: Finished running 1 view model in 0 hours 0 minutes and 1.30 seconds (1.30s).
[0m14:45:37.225205 [debug] [MainThread]: Command end result
[0m14:45:37.257759 [debug] [MainThread]: Wrote artifact WritableManifest to /Users/alexanderjameskershaw/Documents/JANUS/dbt/janus_dbt/target/manifest.json
[0m14:45:37.261003 [debug] [MainThread]: Wrote artifact SemanticManifest to /Users/alexanderjameskershaw/Documents/JANUS/dbt/janus_dbt/target/semantic_manifest.json
[0m14:45:37.266930 [debug] [MainThread]: Wrote artifact RunExecutionResult to /Users/alexanderjameskershaw/Documents/JANUS/dbt/janus_dbt/target/run_results.json
[0m14:45:37.267331 [info ] [MainThread]: 
[0m14:45:37.267763 [info ] [MainThread]: [32mCompleted successfully[0m
[0m14:45:37.268107 [info ] [MainThread]: 
[0m14:45:37.268445 [info ] [MainThread]: Done. PASS=1 WARN=0 ERROR=0 SKIP=0 NO-OP=0 TOTAL=1
[0m14:45:37.286747 [debug] [MainThread]: Resource report: {"command_name": "run", "command_success": true, "command_wall_clock_time": 5.430831, "process_in_blocks": "0", "process_kernel_time": 0.955911, "process_mem_max_rss": "129679360", "process_out_blocks": "0", "process_user_time": 3.655973}
[0m14:45:37.290029 [debug] [MainThread]: Command `dbt run` succeeded at 14:45:37.289654 after 5.44 seconds
[0m14:45:37.290788 [debug] [MainThread]: Sending event: {'category': 'dbt', 'action': 'invocation', 'label': 'end', 'context': [<snowplow_tracker.self_describing_json.SelfDescribingJson object at 0x106218e90>, <snowplow_tracker.self_describing_json.SelfDescribingJson object at 0x100b56250>, <snowplow_tracker.self_describing_json.SelfDescribingJson object at 0x100da3010>]}
[0m14:45:37.291315 [debug] [MainThread]: Flushing usage events
[0m14:45:38.062075 [debug] [MainThread]: An error was encountered while trying to flush usage events
